2023-03-17 13:07:24.335 [info] Log level: Info
2023-03-17 13:07:24.335 [info] Validating found git in: "git"
2023-03-17 13:07:24.335 [info] Using git "2.39.2" from "git"
2023-03-17 13:07:24.335 [info] > git rev-parse --show-toplevel [3ms]
2023-03-17 13:07:24.342 [info] > git rev-parse --git-dir --git-common-dir [3ms]
2023-03-17 13:07:24.348 [info] Open repository: /home/zyn
2023-03-17 13:07:24.358 [info] > git rev-parse --show-toplevel [6ms]
2023-03-17 13:07:24.364 [info] > git config --get commit.template [5ms]
2023-03-17 13:07:24.370 [info] > git rev-parse --show-toplevel [8ms]
2023-03-17 13:07:24.375 [info] > git for-each-ref --format=%(refname)%00%(upstream:short)%00%(objectname)%00%(upstream:track)%00%(upstream:remotename)%00%(upstream:remoteref) refs/heads/main refs/remotes/main [7ms]
2023-03-17 13:07:24.380 [info] > git rev-parse --show-toplevel [6ms]
2023-03-17 13:07:24.384 [info] > git rev-parse --show-toplevel [1ms]
2023-03-17 13:07:24.388 [info] > git rev-parse --show-toplevel [1ms]
2023-03-17 13:07:24.392 [info] > git rev-parse --show-toplevel [1ms]
2023-03-17 13:07:24.396 [info] > git rev-parse --show-toplevel [1ms]
2023-03-17 13:07:24.399 [info] > git rev-parse --show-toplevel [0ms]
2023-03-17 13:07:24.403 [info] > git rev-parse --show-toplevel [1ms]
2023-03-17 13:07:24.407 [info] > git rev-parse --show-toplevel [0ms]
2023-03-17 13:07:24.411 [info] > git rev-parse --show-toplevel [1ms]
2023-03-17 13:07:24.415 [info] > git rev-parse --show-toplevel [0ms]
2023-03-17 13:07:24.418 [info] > git rev-parse --show-toplevel [0ms]
2023-03-17 13:07:24.422 [info] > git rev-parse --git-dir --git-common-dir [1ms]
2023-03-17 13:07:24.424 [info] Open repository: /home/zyn/dotfiles
2023-03-17 13:07:24.432 [info] > git rev-parse --show-toplevel [4ms]
2023-03-17 13:07:24.437 [info] > git config --get commit.template [6ms]
2023-03-17 13:07:24.441 [info] > git rev-parse --git-dir --git-common-dir [6ms]
2023-03-17 13:07:24.444 [info] Open repository: /home/zyn/yay-git
2023-03-17 13:07:24.449 [info] > git for-each-ref --format=%(refname)%00%(upstream:short)%00%(objectname)%00%(upstream:track)%00%(upstream:remotename)%00%(upstream:remoteref) refs/heads/main refs/remotes/main [9ms]
2023-03-17 13:07:24.455 [info] > git config --get commit.template [7ms]
2023-03-17 13:07:24.462 [info] > git status -z -uall [9ms]
2023-03-17 13:07:24.478 [info] > git for-each-ref --format=%(refname)%00%(upstream:short)%00%(objectname)%00%(upstream:track)%00%(upstream:remotename)%00%(upstream:remoteref) refs/heads/master refs/remotes/master [17ms]
2023-03-17 13:07:24.485 [info] > git status -z -uall [2ms]
2023-03-17 13:07:24.485 [info] > git config --get commit.template [11ms]
2023-03-17 13:07:24.499 [info] > git for-each-ref --format=%(refname)%00%(upstream:short)%00%(objectname)%00%(upstream:track)%00%(upstream:remotename)%00%(upstream:remoteref) refs/heads/main refs/remotes/main [6ms]
2023-03-17 13:07:24.504 [info] > git config --get commit.template [6ms]
2023-03-17 13:07:24.508 [info] > git status -z -uall [5ms]
2023-03-17 13:07:24.510 [info] > git for-each-ref --format=%(refname)%00%(upstream:short)%00%(objectname)%00%(upstream:track)%00%(upstream:remotename)%00%(upstream:remoteref) refs/heads/master refs/remotes/master [3ms]
2023-03-17 13:07:24.516 [info] > git status -z -uall [1ms]
2023-03-17 13:07:24.597 [info] > git status -z -uall [218ms] (cancelled)
2023-03-17 13:07:24.966 [info] > git check-ignore -v -z --stdin [7ms]
2023-03-17 13:07:24.967 [info] > git check-ignore -v -z --stdin [4ms]
2023-03-17 13:07:24.967 [info] > git check-ignore -v -z --stdin [2ms]
2023-03-17 13:07:30.048 [info] > git config --get commit.template [7ms]
2023-03-17 13:07:30.048 [info] > git for-each-ref --format=%(refname)%00%(upstream:short)%00%(objectname)%00%(upstream:track)%00%(upstream:remotename)%00%(upstream:remoteref) refs/heads/main refs/remotes/main [1ms]
2023-03-17 13:07:30.816 [info] > git status -z -uall [763ms] (cancelled)
2023-03-17 13:07:31.583 [info] > git check-ignore -v -z --stdin [5ms]
