--------------------------------------------------------------------------------
[28 May 2023, 10:11:38.9 pm:ERROR:refill_unblinded_tokens.cc(208)] Failed to get signed tokens
[28 May 2023, 10:16:12.2 pm:ERROR:publisher.cc(646)] Publisher info not found
[28 May 2023, 10:23:47.6 pm:ERROR:publisher.cc(646)] Publisher info not found
[28 May 2023, 10:23:47.6 pm:ERROR:publisher.cc(646)] Publisher info not found
[28 May 2023, 9:51:03.8 pm:ERROR:server_publisher_fetcher.cc(111)] Server publisher info has a future updated_at time.
[28 May 2023, 9:51:07.7 pm:ERROR:server_publisher_fetcher.cc(111)] Server publisher info has a future updated_at time.
[28 May 2023, 9:51:08.9 pm:ERROR:server_publisher_fetcher.cc(111)] Server publisher info has a future updated_at time.
[28 May 2023, 9:51:40.1 pm:ERROR:server_publisher_fetcher.cc(111)] Server publisher info has a future updated_at time.
[28 May 2023, 10:23:06.8 pm:ERROR:server_publisher_fetcher.cc(111)] Server publisher info has a future updated_at time.
[28 May 2023, 10:23:31.6 pm:ERROR:server_publisher_fetcher.cc(111)] Server publisher info has a future updated_at time.
[28 May 2023, 11:14:03.6 pm:ERROR:publisher.cc(646)] Publisher info not found
[28 May 2023, 11:14:03.6 pm:ERROR:publisher.cc(646)] Publisher info not found
[28 May 2023, 11:17:53.1 pm:ERROR:publisher.cc(646)] Publisher info not found
[28 May 2023, 11:17:53.1 pm:ERROR:publisher.cc(646)] Publisher info not found
[28 May 2023, 11:33:58.0 pm:ERROR:publisher.cc(646)] Publisher info not found
--------------------------------------------------------------------------------
[29 May 2023, 12:05:34.5 pm:ERROR:connect_uphold_wallet.cc(157)] User doesn't have the required uphold capabilities!
[29 May 2023, 12:07:51.8 pm:ERROR:confirmation_util.cc(66)] Failed to get unblinded token
[29 May 2023, 12:07:51.8 pm:ERROR:confirmation_util.cc(141)] Failed to create opted-in
[29 May 2023, 12:07:51.8 pm:ERROR:confirmations.cc(181)] Failed to create and redeem confirmation token
[29 May 2023, 12:08:06.6 pm:ERROR:publisher.cc(646)] Publisher info not found
[29 May 2023, 12:11:13.0 pm:ERROR:publisher.cc(646)] Publisher info not found
[29 May 2023, 12:19:47.3 pm:ERROR:logging_util.cc(93)] Network error (net::ERR_NAME_NOT_RESOLVED)
[29 May 2023, 12:19:47.3 pm:ERROR:get_card.cc(43)] Unexpected HTTP status: -1
[29 May 2023, 12:19:47.3 pm:ERROR:uphold.cc(115)] Couldn't get balance
[29 May 2023, 12:19:47.3 pm:ERROR:wallet_balance.cc(91)] Failed to fetch balance for uphold wallet!
[29 May 2023, 12:20:47.3 pm:ERROR:logging_util.cc(93)] Network error (net::ERR_NAME_NOT_RESOLVED)
[29 May 2023, 12:20:47.3 pm:ERROR:get_card.cc(43)] Unexpected HTTP status: -1
[29 May 2023, 12:20:47.3 pm:ERROR:uphold.cc(115)] Couldn't get balance
[29 May 2023, 12:20:47.3 pm:ERROR:wallet_balance.cc(91)] Failed to fetch balance for uphold wallet!
[29 May 2023, 12:21:47.3 pm:ERROR:logging_util.cc(93)] Network error (net::ERR_NAME_NOT_RESOLVED)
[29 May 2023, 12:21:47.3 pm:ERROR:get_card.cc(43)] Unexpected HTTP status: -1
[29 May 2023, 12:21:47.3 pm:ERROR:uphold.cc(115)] Couldn't get balance
[29 May 2023, 12:21:47.3 pm:ERROR:wallet_balance.cc(91)] Failed to fetch balance for uphold wallet!
[29 May 2023, 12:21:59.0 pm:ERROR:logging_util.cc(93)] Network error (net::ERR_NAME_NOT_RESOLVED)
[29 May 2023, 12:21:59.0 pm:ERROR:get_available.cc(64)] Unexpected HTTP status: -1
[29 May 2023, 12:21:59.0 pm:ERROR:logging_util.cc(93)] Network error (net::ERR_NAME_NOT_RESOLVED)
[29 May 2023, 12:21:59.0 pm:ERROR:get_card.cc(43)] Unexpected HTTP status: -1
[29 May 2023, 12:21:59.0 pm:ERROR:uphold.cc(115)] Couldn't get balance
[29 May 2023, 12:21:59.0 pm:ERROR:wallet_balance.cc(91)] Failed to fetch balance for uphold wallet!
[29 May 2023, 12:22:24.2 pm:ERROR:logging_util.cc(93)] Network error (net::ERR_NAME_NOT_RESOLVED)
[29 May 2023, 12:22:24.2 pm:ERROR:get_card.cc(43)] Unexpected HTTP status: -1
[29 May 2023, 12:22:24.2 pm:ERROR:uphold.cc(115)] Couldn't get balance
[29 May 2023, 12:22:24.2 pm:ERROR:wallet_balance.cc(91)] Failed to fetch balance for uphold wallet!
--------------------------------------------------------------------------------
[29 May 2023, 12:24:47.6 pm:ERROR:refill_unblinded_tokens.cc(208)] Failed to get signed tokens
[29 May 2023, 12:24:56.4 pm:ERROR:publisher.cc(646)] Publisher info not found
[29 May 2023, 12:58:20.1 pm:ERROR:publisher.cc(646)] Publisher info not found
[29 May 2023, 1:01:24.7 pm:ERROR:publisher.cc(646)] Publisher info not found
[29 May 2023, 1:02:14.6 pm:ERROR:publisher.cc(646)] Publisher info not found
--------------------------------------------------------------------------------
[29 May 2023, 2:12:02.1 pm:ERROR:publisher.cc(646)] Publisher info not found
[29 May 2023, 2:12:02.1 pm:ERROR:publisher.cc(646)] Publisher info not found
[29 May 2023, 2:12:59.5 pm:ERROR:publisher.cc(646)] Publisher info not found
[29 May 2023, 2:12:59.5 pm:ERROR:publisher.cc(646)] Publisher info not found
[29 May 2023, 2:12:59.5 pm:ERROR:publisher.cc(646)] Publisher info not found
[29 May 2023, 4:25:14.9 pm:ERROR:publisher.cc(646)] Publisher info not found
[29 May 2023, 4:25:14.9 pm:ERROR:publisher.cc(646)] Publisher info not found
[29 May 2023, 4:26:33.5 pm:ERROR:publisher.cc(646)] Publisher info not found
[29 May 2023, 4:26:33.5 pm:ERROR:publisher.cc(646)] Publisher info not found
[29 May 2023, 4:36:21.9 pm:ERROR:publisher.cc(646)] Publisher info not found
[29 May 2023, 4:36:21.9 pm:ERROR:publisher.cc(646)] Publisher info not found
[29 May 2023, 4:52:12.8 pm:ERROR:publisher.cc(646)] Publisher info not found
[29 May 2023, 4:52:12.8 pm:ERROR:publisher.cc(646)] Publisher info not found
[29 May 2023, 4:53:24.8 pm:ERROR:publisher.cc(646)] Publisher info not found
[29 May 2023, 4:53:24.8 pm:ERROR:publisher.cc(646)] Publisher info not found
[29 May 2023, 4:57:21.0 pm:ERROR:publisher.cc(646)] Publisher info not found
[29 May 2023, 4:57:21.0 pm:ERROR:publisher.cc(646)] Publisher info not found
[29 May 2023, 4:58:49.2 pm:ERROR:publisher.cc(646)] Publisher info not found
[29 May 2023, 4:58:49.6 pm:ERROR:publisher.cc(646)] Publisher info not found
[29 May 2023, 4:59:43.9 pm:ERROR:publisher.cc(646)] Publisher info not found
[29 May 2023, 4:59:43.9 pm:ERROR:publisher.cc(646)] Publisher info not found
[29 May 2023, 4:59:43.9 pm:ERROR:publisher.cc(646)] Publisher info not found
[29 May 2023, 5:03:57.6 pm:ERROR:publisher.cc(646)] Publisher info not found
[29 May 2023, 5:04:12.4 pm:ERROR:publisher.cc(646)] Publisher info not found
[29 May 2023, 5:04:12.4 pm:ERROR:publisher.cc(646)] Publisher info not found
[29 May 2023, 5:04:20.0 pm:ERROR:publisher.cc(646)] Publisher info not found
[29 May 2023, 5:04:20.0 pm:ERROR:publisher.cc(646)] Publisher info not found
[29 May 2023, 5:17:43.8 pm:ERROR:publisher.cc(646)] Publisher info not found
[29 May 2023, 5:17:43.8 pm:ERROR:publisher.cc(646)] Publisher info not found
--------------------------------------------------------------------------------
[29 May 2023, 8:37:33.9 pm:ERROR:publisher.cc(646)] Publisher info not found
--------------------------------------------------------------------------------
[29 May 2023, 10:15:53.9 pm:ERROR:publisher.cc(646)] Publisher info not found
--------------------------------------------------------------------------------
[30 May 2023, 9:52:14.8 am:ERROR:publisher.cc(646)] Publisher info not found
[30 May 2023, 9:52:14.8 am:ERROR:publisher.cc(646)] Publisher info not found
--------------------------------------------------------------------------------
[31 May 2023, 10:20:18.1 am:ERROR:issuers.cc(106)] Failed to fetch issuers
[31 May 2023, 10:59:43.5 am:ERROR:refill_unblinded_tokens.cc(208)] Failed to get signed tokens
--------------------------------------------------------------------------------
[01 Jun 2023, 10:26:19.1 am:ERROR:issuers.cc(106)] Failed to fetch issuers
[01 Jun 2023, 3:16:11.0 pm:ERROR:issuers.cc(106)] Failed to fetch issuers
[02 Jun 2023, 12:15:52.1 pm:ERROR:issuers.cc(106)] Failed to fetch issuers
