2023-04-27 12:48:11.765 [warning] Via 'product.json#extensionEnabledApiProposals' extension 'ms-vscode.vscode-selfhost-test-provider' wants API proposal 'testContinuousRun' but that proposal DOES NOT EXIST. Likely, the proposal has been finalized (check 'vscode.d.ts') or was abandoned.
2023-04-27 12:48:11.775 [warning] Via 'product.json#extensionEnabledApiProposals' extension 'ms-vscode.remote-repositories' wants API proposal 'contribEditorGutterMenu' but that proposal DOES NOT EXIST. Likely, the proposal has been finalized (check 'vscode.d.ts') or was abandoned.
2023-04-27 12:48:11.775 [warning] Via 'product.json#extensionEnabledApiProposals' extension 'github.vscode-pull-request-github' wants API proposal 'contribEditorGutterMenu' but that proposal DOES NOT EXIST. Likely, the proposal has been finalized (check 'vscode.d.ts') or was abandoned.
2023-04-27 12:48:11.775 [warning] Via 'product.json#extensionEnabledApiProposals' extension 'ms-toolsai.jupyter' wants API proposal 'notebookControllerKind' but that proposal DOES NOT EXIST. Likely, the proposal has been finalized (check 'vscode.d.ts') or was abandoned.
2023-04-27 12:48:12.020 [info] Started initializing default profile extensions in extensions installation folder. file:///home/zayaan/.vscode-oss/extensions
2023-04-27 12:48:12.141 [info] Completed initializing default profile extensions in extensions installation folder. file:///home/zayaan/.vscode-oss/extensions
2023-04-27 12:48:12.563 [error] Could not find category with ID: Intermediate: Error: Could not find category with ID: Intermediate
    at vscode-file://vscode-app/usr/share/vscodium-git/resources/app/out/vs/workbench/workbench.desktop.main.js:2554:63466
    at f.invoke (vscode-file://vscode-app/usr/share/vscodium-git/resources/app/out/vs/workbench/workbench.desktop.main.js:86:145)
    at o.deliver (vscode-file://vscode-app/usr/share/vscodium-git/resources/app/out/vs/workbench/workbench.desktop.main.js:86:2680)
    at l.fire (vscode-file://vscode-app/usr/share/vscodium-git/resources/app/out/vs/workbench/workbench.desktop.main.js:86:2213)
    at N.progressStep (vscode-file://vscode-app/usr/share/vscodium-git/resources/app/out/vs/workbench/workbench.desktop.main.js:1902:32298)
    at vscode-file://vscode-app/usr/share/vscodium-git/resources/app/out/vs/workbench/workbench.desktop.main.js:1902:32602
    at Set.forEach (<anonymous>)
    at N.progressByEvent (vscode-file://vscode-app/usr/share/vscodium-git/resources/app/out/vs/workbench/workbench.desktop.main.js:1902:32586)
    at vscode-file://vscode-app/usr/share/vscodium-git/resources/app/out/vs/workbench/workbench.desktop.main.js:1902:26908
    at Set.forEach (<anonymous>)
    at vscode-file://vscode-app/usr/share/vscodium-git/resources/app/out/vs/workbench/workbench.desktop.main.js:1902:26813
    at f.invoke (vscode-file://vscode-app/usr/share/vscodium-git/resources/app/out/vs/workbench/workbench.desktop.main.js:86:145)
    at o.deliver (vscode-file://vscode-app/usr/share/vscodium-git/resources/app/out/vs/workbench/workbench.desktop.main.js:86:2680)
    at c.fire (vscode-file://vscode-app/usr/share/vscodium-git/resources/app/out/vs/workbench/workbench.desktop.main.js:86:2213)
    at c.fire (vscode-file://vscode-app/usr/share/vscodium-git/resources/app/out/vs/workbench/workbench.desktop.main.js:86:4050)
    at n.setContext (vscode-file://vscode-app/usr/share/vscodium-git/resources/app/out/vs/workbench/workbench.desktop.main.js:613:55580)
    at l.reset (vscode-file://vscode-app/usr/share/vscodium-git/resources/app/out/vs/workbench/workbench.desktop.main.js:613:53769)
    at new l (vscode-file://vscode-app/usr/share/vscodium-git/resources/app/out/vs/workbench/workbench.desktop.main.js:613:53625)
    at n.createKey (vscode-file://vscode-app/usr/share/vscodium-git/resources/app/out/vs/workbench/workbench.desktop.main.js:613:54749)
    at y (vscode-file://vscode-app/usr/share/vscodium-git/resources/app/out/vs/workbench/workbench.desktop.main.js:613:59407)
    at u.invokeFunction (vscode-file://vscode-app/usr/share/vscodium-git/resources/app/out/vs/workbench/workbench.desktop.main.js:615:453)
    at b._tryExecuteCommand (vscode-file://vscode-app/usr/share/vscodium-git/resources/app/out/vs/workbench/workbench.desktop.main.js:1576:16099)
    at b.executeCommand (vscode-file://vscode-app/usr/share/vscodium-git/resources/app/out/vs/workbench/workbench.desktop.main.js:1576:15456)
    at b.$executeCommand (vscode-file://vscode-app/usr/share/vscodium-git/resources/app/out/vs/workbench/workbench.desktop.main.js:1585:745)
    at v._doInvokeHandler (vscode-file://vscode-app/usr/share/vscodium-git/resources/app/out/vs/workbench/workbench.desktop.main.js:1599:18850)
    at v._invokeHandler (vscode-file://vscode-app/usr/share/vscodium-git/resources/app/out/vs/workbench/workbench.desktop.main.js:1599:18532)
    at v._receiveRequest (vscode-file://vscode-app/usr/share/vscodium-git/resources/app/out/vs/workbench/workbench.desktop.main.js:1599:17302)
    at v._receiveOneMessage (vscode-file://vscode-app/usr/share/vscodium-git/resources/app/out/vs/workbench/workbench.desktop.main.js:1599:16004)
    at vscode-file://vscode-app/usr/share/vscodium-git/resources/app/out/vs/workbench/workbench.desktop.main.js:1599:14111
    at f.invoke (vscode-file://vscode-app/usr/share/vscodium-git/resources/app/out/vs/workbench/workbench.desktop.main.js:86:145)
    at o.deliver (vscode-file://vscode-app/usr/share/vscodium-git/resources/app/out/vs/workbench/workbench.desktop.main.js:86:2680)
    at l.fire (vscode-file://vscode-app/usr/share/vscodium-git/resources/app/out/vs/workbench/workbench.desktop.main.js:86:2213)
    at c.fire (vscode-file://vscode-app/usr/share/vscodium-git/resources/app/out/vs/workbench/workbench.desktop.main.js:556:17441)
    at T._receiveMessage (vscode-file://vscode-app/usr/share/vscodium-git/resources/app/out/vs/workbench/workbench.desktop.main.js:556:23937)
    at vscode-file://vscode-app/usr/share/vscodium-git/resources/app/out/vs/workbench/workbench.desktop.main.js:556:20376
    at f.invoke (vscode-file://vscode-app/usr/share/vscodium-git/resources/app/out/vs/workbench/workbench.desktop.main.js:86:145)
    at o.deliver (vscode-file://vscode-app/usr/share/vscodium-git/resources/app/out/vs/workbench/workbench.desktop.main.js:86:2680)
    at l.fire (vscode-file://vscode-app/usr/share/vscodium-git/resources/app/out/vs/workbench/workbench.desktop.main.js:86:2213)
    at h.acceptChunk (vscode-file://vscode-app/usr/share/vscodium-git/resources/app/out/vs/workbench/workbench.desktop.main.js:556:14265)
    at vscode-file://vscode-app/usr/share/vscodium-git/resources/app/out/vs/workbench/workbench.desktop.main.js:556:13395
    at Socket.T (vscode-file://vscode-app/usr/share/vscodium-git/resources/app/out/vs/workbench/workbench.desktop.main.js:556:29131)
    at Socket.emit (node:events:526:28)
    at addChunk (node:internal/streams/readable:315:12)
    at readableAddChunk (node:internal/streams/readable:289:9)
    at Readable.push (node:internal/streams/readable:228:10)
    at Pipe.onStreamRead (node:internal/stream_base_commons:190:23)
2023-04-27 12:48:14.867 [info] [perf] Render performance baseline is 23ms
