2023-03-17 13:07:16.659 [info] Extension host with pid 27595 started
2023-03-17 13:07:16.659 [info] Skipping acquiring lock for /home/zyn/.config/Code - OSS/User/workspaceStorage/f1461f7871ce604325587c6761ff745d.
2023-03-17 13:07:16.707 [info] ExtensionService#_doActivateExtension vscode.emmet, startup: false, activationEvent: 'onLanguage'
2023-03-17 13:07:16.708 [info] ExtensionService#_doActivateExtension vscode.git-base, startup: true, activationEvent: '*'
2023-03-17 13:07:16.910 [info] ExtensionService#_doActivateExtension vscode.github, startup: true, activationEvent: '*'
2023-03-17 13:07:16.928 [info] Eager extensions activated
2023-03-17 13:07:16.931 [info] ExtensionService#_doActivateExtension vscode.debug-auto-launch, startup: false, activationEvent: 'onStartupFinished'
2023-03-17 13:07:16.932 [info] ExtensionService#_doActivateExtension vscode.merge-conflict, startup: false, activationEvent: 'onStartupFinished'
2023-03-17 13:07:24.247 [info] ExtensionService#_doActivateExtension vscode.git, startup: false, activationEvent: 'api', root cause: vscode.github
2023-03-17 13:07:30.025 [warning] [Decorations] CAPPING events from decorations provider vscode.git 10000
2023-03-17 13:07:30.077 [info] ExtensionService#_doActivateExtension vscode.configuration-editing, startup: false, activationEvent: 'onLanguage:jsonc'
2023-03-17 13:07:30.078 [info] ExtensionService#_doActivateExtension vscode.json-language-features, startup: false, activationEvent: 'onLanguage:jsonc'
2023-03-17 13:07:30.078 [info] ExtensionService#_doActivateExtension vscode.typescript-language-features, startup: false, activationEvent: 'onLanguage:jsonc'
2023-03-17 13:07:30.805 [warning] [Decorations] CAPPING events from decorations provider vscode.git 10016
2023-03-17 13:07:40.508 [info] Extension host terminating: received terminate message from renderer
2023-03-17 13:07:40.520 [error] Canceled: Canceled
	at new a (/usr/lib/code/out/vs/workbench/api/node/extensionHostProcess.js:96:88793)
	at c.O (/usr/lib/code/out/vs/workbench/api/node/extensionHostProcess.js:106:11260)
	at V.<computed>.Q.charCodeAt.V.<computed> (/usr/lib/code/out/vs/workbench/api/node/extensionHostProcess.js:106:8550)
	at l.g (/usr/lib/code/out/vs/workbench/api/node/extensionHostProcess.js:96:108198)
	at l.executeCommand (/usr/lib/code/out/vs/workbench/api/node/extensionHostProcess.js:96:107574)
	at O.registerCommand.description (/usr/lib/code/out/vs/workbench/api/node/extensionHostProcess.js:96:106867)
	at l.h (/usr/lib/code/out/vs/workbench/api/node/extensionHostProcess.js:96:108784)
	at l.g (/usr/lib/code/out/vs/workbench/api/node/extensionHostProcess.js:96:107674)
	at l.executeCommand (/usr/lib/code/out/vs/workbench/api/node/extensionHostProcess.js:96:107574)
	at Object.executeCommand (/usr/lib/code/out/vs/workbench/api/node/extensionHostProcess.js:117:30781)
	at D (/usr/lib/code/extensions/git/dist/main.js:2:1467127)
	at f.invoke (/usr/lib/code/out/vs/workbench/api/node/extensionHostProcess.js:63:145)
	at g.deliver (/usr/lib/code/out/vs/workbench/api/node/extensionHostProcess.js:63:2066)
	at h.fire (/usr/lib/code/out/vs/workbench/api/node/extensionHostProcess.js:63:1704)
	at Object.m [as dispose] (/usr/lib/code/extensions/git/dist/main.js:2:1481856)
	at /usr/lib/code/extensions/git/dist/main.js:2:1485923
	at Array.forEach (<anonymous>)
	at g.dispose (/usr/lib/code/extensions/git/dist/main.js:2:1485909)
	at C.<anonymous> (/usr/lib/code/out/vs/workbench/api/node/extensionHostProcess.js:94:12431)
	at C.dispose (/usr/lib/code/out/vs/workbench/api/node/extensionHostProcess.js:94:12566)
	at C.<anonymous> (/usr/lib/code/extensions/git/dist/main.js:2:1469257)
	at C.dispose (/usr/lib/code/out/vs/workbench/api/node/extensionHostProcess.js:94:12566)
	at k (/usr/lib/code/out/vs/workbench/api/node/extensionHostProcess.js:10:12074)
	at f.X (/usr/lib/code/out/vs/workbench/api/node/extensionHostProcess.js:108:11284)
	at /usr/lib/code/out/vs/workbench/api/node/extensionHostProcess.js:108:9088
	at Array.map (<anonymous>)
	at f.Q (/usr/lib/code/out/vs/workbench/api/node/extensionHostProcess.js:108:9075)
	at f.terminate (/usr/lib/code/out/vs/workbench/api/node/extensionHostProcess.js:108:9347)
	at u.terminate (/usr/lib/code/out/vs/workbench/api/node/extensionHostProcess.js:112:1397)
	at p (/usr/lib/code/out/vs/workbench/api/node/extensionHostProcess.js:122:18592)
	at /usr/lib/code/out/vs/workbench/api/node/extensionHostProcess.js:122:16502
	at f.invoke (/usr/lib/code/out/vs/workbench/api/node/extensionHostProcess.js:63:145)
	at g.deliver (/usr/lib/code/out/vs/workbench/api/node/extensionHostProcess.js:63:2066)
	at h.fire (/usr/lib/code/out/vs/workbench/api/node/extensionHostProcess.js:63:1704)
	at p.fire (/usr/lib/code/out/vs/workbench/api/node/extensionHostProcess.js:72:14907)
	at t.E (/usr/lib/code/out/vs/workbench/api/node/extensionHostProcess.js:72:18973)
	at /usr/lib/code/out/vs/workbench/api/node/extensionHostProcess.js:72:16961
	at f.invoke (/usr/lib/code/out/vs/workbench/api/node/extensionHostProcess.js:63:145)
	at g.deliver (/usr/lib/code/out/vs/workbench/api/node/extensionHostProcess.js:63:2066)
	at h.fire (/usr/lib/code/out/vs/workbench/api/node/extensionHostProcess.js:63:1704)
	at u.acceptChunk (/usr/lib/code/out/vs/workbench/api/node/extensionHostProcess.js:72:12638)
	at /usr/lib/code/out/vs/workbench/api/node/extensionHostProcess.js:72:11925
	at Socket.t (/usr/lib/code/out/vs/workbench/api/node/extensionHostProcess.js:72:22461)
	at Socket.emit (node:events:526:28)
	at addChunk (node:internal/streams/readable:315:12)
	at readableAddChunk (node:internal/streams/readable:289:9)
	at Readable.push (node:internal/streams/readable:228:10)
	at Pipe.onStreamRead (node:internal/stream_base_commons:190:23) setContext undefined
2023-03-17 13:07:40.520 [error] Canceled: Canceled
	at new a (/usr/lib/code/out/vs/workbench/api/node/extensionHostProcess.js:96:88793)
	at c.O (/usr/lib/code/out/vs/workbench/api/node/extensionHostProcess.js:106:11260)
	at V.<computed>.Q.charCodeAt.V.<computed> (/usr/lib/code/out/vs/workbench/api/node/extensionHostProcess.js:106:8550)
	at l.g (/usr/lib/code/out/vs/workbench/api/node/extensionHostProcess.js:96:108198)
	at l.executeCommand (/usr/lib/code/out/vs/workbench/api/node/extensionHostProcess.js:96:107574)
	at O.registerCommand.description (/usr/lib/code/out/vs/workbench/api/node/extensionHostProcess.js:96:106867)
	at l.h (/usr/lib/code/out/vs/workbench/api/node/extensionHostProcess.js:96:108784)
	at l.g (/usr/lib/code/out/vs/workbench/api/node/extensionHostProcess.js:96:107674)
	at l.executeCommand (/usr/lib/code/out/vs/workbench/api/node/extensionHostProcess.js:96:107574)
	at Object.executeCommand (/usr/lib/code/out/vs/workbench/api/node/extensionHostProcess.js:117:30781)
	at D (/usr/lib/code/extensions/git/dist/main.js:2:1467127)
	at f.invoke (/usr/lib/code/out/vs/workbench/api/node/extensionHostProcess.js:63:145)
	at g.deliver (/usr/lib/code/out/vs/workbench/api/node/extensionHostProcess.js:63:2066)
	at h.fire (/usr/lib/code/out/vs/workbench/api/node/extensionHostProcess.js:63:1704)
	at Object.m [as dispose] (/usr/lib/code/extensions/git/dist/main.js:2:1481856)
	at /usr/lib/code/extensions/git/dist/main.js:2:1485923
	at Array.forEach (<anonymous>)
	at g.dispose (/usr/lib/code/extensions/git/dist/main.js:2:1485909)
	at C.<anonymous> (/usr/lib/code/out/vs/workbench/api/node/extensionHostProcess.js:94:12431)
	at C.dispose (/usr/lib/code/out/vs/workbench/api/node/extensionHostProcess.js:94:12566)
	at C.<anonymous> (/usr/lib/code/extensions/git/dist/main.js:2:1469257)
	at C.dispose (/usr/lib/code/out/vs/workbench/api/node/extensionHostProcess.js:94:12566)
	at k (/usr/lib/code/out/vs/workbench/api/node/extensionHostProcess.js:10:12074)
	at f.X (/usr/lib/code/out/vs/workbench/api/node/extensionHostProcess.js:108:11284)
	at /usr/lib/code/out/vs/workbench/api/node/extensionHostProcess.js:108:9088
	at Array.map (<anonymous>)
	at f.Q (/usr/lib/code/out/vs/workbench/api/node/extensionHostProcess.js:108:9075)
	at f.terminate (/usr/lib/code/out/vs/workbench/api/node/extensionHostProcess.js:108:9347)
	at u.terminate (/usr/lib/code/out/vs/workbench/api/node/extensionHostProcess.js:112:1397)
	at p (/usr/lib/code/out/vs/workbench/api/node/extensionHostProcess.js:122:18592)
	at /usr/lib/code/out/vs/workbench/api/node/extensionHostProcess.js:122:16502
	at f.invoke (/usr/lib/code/out/vs/workbench/api/node/extensionHostProcess.js:63:145)
	at g.deliver (/usr/lib/code/out/vs/workbench/api/node/extensionHostProcess.js:63:2066)
	at h.fire (/usr/lib/code/out/vs/workbench/api/node/extensionHostProcess.js:63:1704)
	at p.fire (/usr/lib/code/out/vs/workbench/api/node/extensionHostProcess.js:72:14907)
	at t.E (/usr/lib/code/out/vs/workbench/api/node/extensionHostProcess.js:72:18973)
	at /usr/lib/code/out/vs/workbench/api/node/extensionHostProcess.js:72:16961
	at f.invoke (/usr/lib/code/out/vs/workbench/api/node/extensionHostProcess.js:63:145)
	at g.deliver (/usr/lib/code/out/vs/workbench/api/node/extensionHostProcess.js:63:2066)
	at h.fire (/usr/lib/code/out/vs/workbench/api/node/extensionHostProcess.js:63:1704)
	at u.acceptChunk (/usr/lib/code/out/vs/workbench/api/node/extensionHostProcess.js:72:12638)
	at /usr/lib/code/out/vs/workbench/api/node/extensionHostProcess.js:72:11925
	at Socket.t (/usr/lib/code/out/vs/workbench/api/node/extensionHostProcess.js:72:22461)
	at Socket.emit (node:events:526:28)
	at addChunk (node:internal/streams/readable:315:12)
	at readableAddChunk (node:internal/streams/readable:289:9)
	at Readable.push (node:internal/streams/readable:228:10)
	at Pipe.onStreamRead (node:internal/stream_base_commons:190:23) setContext undefined
2023-03-17 13:07:40.520 [error] Canceled: Canceled
	at new a (/usr/lib/code/out/vs/workbench/api/node/extensionHostProcess.js:96:88793)
	at c.O (/usr/lib/code/out/vs/workbench/api/node/extensionHostProcess.js:106:11260)
	at V.<computed>.Q.charCodeAt.V.<computed> (/usr/lib/code/out/vs/workbench/api/node/extensionHostProcess.js:106:8550)
	at l.g (/usr/lib/code/out/vs/workbench/api/node/extensionHostProcess.js:96:108198)
	at l.executeCommand (/usr/lib/code/out/vs/workbench/api/node/extensionHostProcess.js:96:107574)
	at O.registerCommand.description (/usr/lib/code/out/vs/workbench/api/node/extensionHostProcess.js:96:106867)
	at l.h (/usr/lib/code/out/vs/workbench/api/node/extensionHostProcess.js:96:108784)
	at l.g (/usr/lib/code/out/vs/workbench/api/node/extensionHostProcess.js:96:107674)
	at l.executeCommand (/usr/lib/code/out/vs/workbench/api/node/extensionHostProcess.js:96:107574)
	at Object.executeCommand (/usr/lib/code/out/vs/workbench/api/node/extensionHostProcess.js:117:30781)
	at D (/usr/lib/code/extensions/git/dist/main.js:2:1467127)
	at f.invoke (/usr/lib/code/out/vs/workbench/api/node/extensionHostProcess.js:63:145)
	at g.deliver (/usr/lib/code/out/vs/workbench/api/node/extensionHostProcess.js:63:2066)
	at h.fire (/usr/lib/code/out/vs/workbench/api/node/extensionHostProcess.js:63:1704)
	at Object.m [as dispose] (/usr/lib/code/extensions/git/dist/main.js:2:1481856)
	at /usr/lib/code/extensions/git/dist/main.js:2:1485923
	at Array.forEach (<anonymous>)
	at g.dispose (/usr/lib/code/extensions/git/dist/main.js:2:1485909)
	at C.<anonymous> (/usr/lib/code/out/vs/workbench/api/node/extensionHostProcess.js:94:12431)
	at C.dispose (/usr/lib/code/out/vs/workbench/api/node/extensionHostProcess.js:94:12566)
	at C.<anonymous> (/usr/lib/code/extensions/git/dist/main.js:2:1469257)
	at C.dispose (/usr/lib/code/out/vs/workbench/api/node/extensionHostProcess.js:94:12566)
	at k (/usr/lib/code/out/vs/workbench/api/node/extensionHostProcess.js:10:12074)
	at f.X (/usr/lib/code/out/vs/workbench/api/node/extensionHostProcess.js:108:11284)
	at /usr/lib/code/out/vs/workbench/api/node/extensionHostProcess.js:108:9088
	at Array.map (<anonymous>)
	at f.Q (/usr/lib/code/out/vs/workbench/api/node/extensionHostProcess.js:108:9075)
	at f.terminate (/usr/lib/code/out/vs/workbench/api/node/extensionHostProcess.js:108:9347)
	at u.terminate (/usr/lib/code/out/vs/workbench/api/node/extensionHostProcess.js:112:1397)
	at p (/usr/lib/code/out/vs/workbench/api/node/extensionHostProcess.js:122:18592)
	at /usr/lib/code/out/vs/workbench/api/node/extensionHostProcess.js:122:16502
	at f.invoke (/usr/lib/code/out/vs/workbench/api/node/extensionHostProcess.js:63:145)
	at g.deliver (/usr/lib/code/out/vs/workbench/api/node/extensionHostProcess.js:63:2066)
	at h.fire (/usr/lib/code/out/vs/workbench/api/node/extensionHostProcess.js:63:1704)
	at p.fire (/usr/lib/code/out/vs/workbench/api/node/extensionHostProcess.js:72:14907)
	at t.E (/usr/lib/code/out/vs/workbench/api/node/extensionHostProcess.js:72:18973)
	at /usr/lib/code/out/vs/workbench/api/node/extensionHostProcess.js:72:16961
	at f.invoke (/usr/lib/code/out/vs/workbench/api/node/extensionHostProcess.js:63:145)
	at g.deliver (/usr/lib/code/out/vs/workbench/api/node/extensionHostProcess.js:63:2066)
	at h.fire (/usr/lib/code/out/vs/workbench/api/node/extensionHostProcess.js:63:1704)
	at u.acceptChunk (/usr/lib/code/out/vs/workbench/api/node/extensionHostProcess.js:72:12638)
	at /usr/lib/code/out/vs/workbench/api/node/extensionHostProcess.js:72:11925
	at Socket.t (/usr/lib/code/out/vs/workbench/api/node/extensionHostProcess.js:72:22461)
	at Socket.emit (node:events:526:28)
	at addChunk (node:internal/streams/readable:315:12)
	at readableAddChunk (node:internal/streams/readable:289:9)
	at Readable.push (node:internal/streams/readable:228:10)
	at Pipe.onStreamRead (node:internal/stream_base_commons:190:23) setContext undefined
2023-03-17 13:07:40.521 [info] Extension host with pid 27595 exiting with code 0
